<?xml version="1.0" encoding="UTF-8"?>
<testng-results skipped="0" failed="0" ignored="0" total="1" passed="1">
  <reporter-output>
  </reporter-output>
  <suite name="Default suite" duration-ms="39805" started-at="2019-02-12T04:34:20Z" finished-at="2019-02-12T04:35:00Z">
    <groups>
    </groups>
    <test name="Default test" duration-ms="39805" started-at="2019-02-12T04:34:20Z" finished-at="2019-02-12T04:35:00Z">
      <class name="RobotClass.UploadFile">
        <test-method status="PASS" signature="f()[pri:0, instance:RobotClass.UploadFile@51565ec2]" name="f" duration-ms="39758" started-at="2019-02-12T10:04:20Z" finished-at="2019-02-12T10:05:00Z">
          <reporter-output>
          </reporter-output>
        </test-method> <!-- f -->
      </class> <!-- RobotClass.UploadFile -->
    </test> <!-- Default test -->
  </suite> <!-- Default suite -->
</testng-results>
